#
# There is insufficient memory for the Java Runtime Environment to continue.
# Native memory allocation (mmap) failed to map 65536 bytes for Failed to commit metaspace.
# Possible reasons:
#   The system is out of physical RAM or swap space
#   The process is running with CompressedOops enabled, and the Java Heap may be blocking the growth of the native heap
# Possible solutions:
#   Reduce memory load on the system
#   Increase physical memory or swap space
#   Check if swap backing store is full
#   Decrease Java heap size (-Xmx/-Xms)
#   Decrease number of Java threads
#   Decrease Java thread stack sizes (-Xss)
#   Set larger code cache with -XX:ReservedCodeCacheSize=
#   JVM is running with Zero Based Compressed Oops mode in which the Java heap is
#     placed in the first 32GB address space. The Java Heap base address is the
#     maximum limit for the native heap growth. Please use -XX:HeapBaseMinAddress
#     to set the Java Heap base and to place the Java Heap above 32GB virtual address.
# This output file may be truncated or incomplete.
#
#  Out of Memory Error (virtualSpaceNode.cpp:110), pid=32412, tid=32408
#
# JRE version: OpenJDK Runtime Environment JBR-17.0.10+7-1000.48-jcef (17.0.10+7) (build 17.0.10+7-b1000.48)
# Java VM: OpenJDK 64-Bit Server VM JBR-17.0.10+7-1000.48-jcef (17.0.10+7-b1000.48, mixed mode, tiered, compressed oops, compressed class ptrs, g1 gc, windows-amd64)
# No core dump will be written. Minidumps are not enabled by default on client versions of Windows
#

---------------  S U M M A R Y ------------

Command Line: git4idea.http.GitAskPassApp Username for 'https://gitlab.com': 

Host: 11th Gen Intel(R) Core(TM) i5-11400F @ 2.60GHz, 12 cores, 15G,  Windows 11 , 64 bit Build 22621 (10.0.22621.3672)
Time: Sat Jun 22 17:39:12 2024 RTZ 9 (s 11 , 64 bit Build 22621 (10.0.22621.3672) elapsed time: 0.299672 seconds (0d 0h 0m 0s)

---------------  T H R E A D  ---------------

Current thread (0x0000015c17afcc90):  JavaThread "main" [_thread_in_vm, id=32408, stack(0x0000004ffe000000,0x0000004ffe100000)]

Stack: [0x0000004ffe000000,0x0000004ffe100000]
Native frames: (J=compiled Java code, j=interpreted, Vv=VM code, C=native code)
V  [jvm.dll+0x688ac9]
V  [jvm.dll+0x84220a]
V  [jvm.dll+0x843e4e]
V  [jvm.dll+0x8444b3]
V  [jvm.dll+0x24ba8f]
V  [jvm.dll+0x83d1eb]
V  [jvm.dll+0x62d0e6]
V  [jvm.dll+0x62d14a]
V  [jvm.dll+0x62f97a]
V  [jvm.dll+0x62da86]
V  [jvm.dll+0x240b60]
V  [jvm.dll+0x1ef46b]
V  [jvm.dll+0x1e4d8c]
V  [jvm.dll+0x54d98c]
V  [jvm.dll+0x1f592b]
V  [jvm.dll+0x7ba9bb]
V  [jvm.dll+0x7bbe2c]
V  [jvm.dll+0x41d105]
C  [java.dll+0x1a55]

Java frames: (J=compiled Java code, j=interpreted, Vv=VM code)
j  java.lang.ClassLoader.findBootstrapClass(Ljava/lang/String;)Ljava/lang/Class;+0 java.base@17.0.10
j  java.lang.ClassLoader.findBootstrapClassOrNull(Ljava/lang/String;)Ljava/lang/Class;+10 java.base@17.0.10
j  java.lang.System$2.findBootstrapClassOrNull(Ljava/lang/String;)Ljava/lang/Class;+1 java.base@17.0.10
j  jdk.internal.loader.BootLoader.loadClassOrNull(Ljava/lang/String;)Ljava/lang/Class;+4 java.base@17.0.10
j  java.lang.invoke.ClassSpecializer$Factory.loadSpecies(Ljava/lang/invoke/ClassSpecializer$SpeciesData;)Ljava/lang/invoke/ClassSpecializer$SpeciesData;+32 java.base@17.0.10
j  java.lang.invoke.ClassSpecializer.findSpecies(Ljava/lang/Object;)Ljava/lang/invoke/ClassSpecializer$SpeciesData;+53 java.base@17.0.10
j  java.lang.invoke.BoundMethodHandle$SpeciesData.extendWith(B)Ljava/lang/invoke/BoundMethodHandle$SpeciesData;+46 java.base@17.0.10
j  java.lang.invoke.LambdaFormEditor.newSpeciesData(Ljava/lang/invoke/LambdaForm$BasicType;)Ljava/lang/invoke/BoundMethodHandle$SpeciesData;+9 java.base@17.0.10
j  java.lang.invoke.LambdaFormEditor.makeArgumentCombinationForm(ILjava/lang/invoke/MethodType;[IZZ)Ljava/lang/invoke/LambdaForm;+154 java.base@17.0.10
j  java.lang.invoke.LambdaFormEditor.foldArgumentsForm(IZLjava/lang/invoke/MethodType;[I)Ljava/lang/invoke/LambdaForm;+88 java.base@17.0.10
j  java.lang.invoke.MethodHandles.argumentsWithCombiner(ZLjava/lang/invoke/MethodHandle;ILjava/lang/invoke/MethodHandle;[I)Ljava/lang/invoke/MethodHandle;+94 java.base@17.0.10
j  java.lang.invoke.MethodHandles.foldArgumentsWithCombiner(Ljava/lang/invoke/MethodHandle;ILjava/lang/invoke/MethodHandle;[I)Ljava/lang/invoke/MethodHandle;+5 java.base@17.0.10
j  java.lang.invoke.StringConcatFactory.generateMHInlineCopy(Ljava/lang/invoke/MethodType;Ljava/util/List;)Ljava/lang/invoke/MethodHandle;+578 java.base@17.0.10
j  java.lang.invoke.StringConcatFactory.makeConcatWithConstants(Ljava/lang/invoke/MethodHandles$Lookup;Ljava/lang/String;Ljava/lang/invoke/MethodType;Ljava/lang/String;[Ljava/lang/Object;)Ljava/lang/invoke/CallSite;+220 java.base@17.0.10
j  java.lang.invoke.DirectMethodHandle$Holder.invokeStatic(Ljava/lang/Object;Ljava/lang/Object;Ljava/lang/Object;Ljava/lang/Object;Ljava/lang/Object;Ljava/lang/Object;)Ljava/lang/Object;+18 java.base@17.0.10
j  java.lang.invoke.DelegatingMethodHandle$Holder.delegate(Ljava/lang/Object;Ljava/lang/Object;Ljava/lang/Object;Ljava/lang/Object;Ljava/lang/Object;Ljava/lang/Object;)Ljava/lang/Object;+21 java.base@17.0.10
j  java.lang.invoke.Invokers$Holder.invokeExact_MT(Ljava/lang/Object;Ljava/lang/Object;Ljava/lang/Object;Ljava/lang/Object;Ljava/lang/Object;Ljava/lang/Object;Ljava/lang/Object;)Ljava/lang/Object;+26 java.base@17.0.10
j  java.lang.invoke.BootstrapMethodInvoker.invoke(Ljava/lang/Class;Ljava/lang/invoke/MethodHandle;Ljava/lang/String;Ljava/lang/Object;Ljava/lang/Object;Ljava/lang/Class;)Ljava/lang/Object;+157 java.base@17.0.10
j  java.lang.invoke.CallSite.makeSite(Ljava/lang/invoke/MethodHandle;Ljava/lang/String;Ljava/lang/invoke/MethodType;Ljava/lang/Object;Ljava/lang/Class;)Ljava/lang/invoke/CallSite;+8 java.base@17.0.10
j  java.lang.invoke.MethodHandleNatives.linkCallSiteImpl(Ljava/lang/Class;Ljava/lang/invoke/MethodHandle;Ljava/lang/String;Ljava/lang/invoke/MethodType;Ljava/lang/Object;[Ljava/lang/Object;)Ljava/lang/invoke/MemberName;+6 java.base@17.0.10
j  java.lang.invoke.MethodHandleNatives.linkCallSite(Ljava/lang/Object;ILjava/lang/Object;Ljava/lang/Object;Ljava/lang/Object;Ljava/lang/Object;[Ljava/lang/Object;)Ljava/lang/invoke/MemberName;+46 java.base@17.0.10
v  ~StubRoutines::call_stub
j  jdk.internal.net.http.HttpClientImpl.<init>(Ljdk/internal/net/http/HttpClientBuilderImpl;Ljdk/internal/net/http/HttpClientImpl$SingleFacadeFactory;)V+121 java.net.http@17.0.10
j  jdk.internal.net.http.HttpClientImpl.create(Ljdk/internal/net/http/HttpClientBuilderImpl;)Ljdk/internal/net/http/HttpClientFacade;+14 java.net.http@17.0.10
j  jdk.internal.net.http.HttpClientBuilderImpl.build()Ljava/net/http/HttpClient;+1 java.net.http@17.0.10
j  externalApp.ExternalAppUtil.sendIdeRequest(Ljava/lang/String;ILjava/lang/String;Ljava/lang/String;)LexternalApp/ExternalAppUtil$Result;+77
j  git4idea.http.GitAskPassApp.main([Ljava/lang/String;)V+37
v  ~StubRoutines::call_stub

---------------  P R O C E S S  ---------------

Threads class SMR info:
_java_thread_list=0x0000015c3b46e7a0, length=13, elements={
0x0000015c17afcc90, 0x0000015c3b084260, 0x0000015c3b084d30, 0x0000015c36aedd40,
0x0000015c36aee900, 0x0000015c3b09c020, 0x0000015c3b09c8f0, 0x0000015c3b09d5e0,
0x0000015c3b0b8000, 0x0000015c3b0bbf00, 0x0000015c3b23eb60, 0x0000015c3b24fb00,
0x0000015c3b4df770
}

Java Threads: ( => current thread )
=>0x0000015c17afcc90 JavaThread "main" [_thread_in_vm, id=32408, stack(0x0000004ffe000000,0x0000004ffe100000)]
  0x0000015c3b084260 JavaThread "Reference Handler" daemon [_thread_blocked, id=31364, stack(0x0000004ffe700000,0x0000004ffe800000)]
  0x0000015c3b084d30 JavaThread "Finalizer" daemon [_thread_blocked, id=32464, stack(0x0000004ffe800000,0x0000004ffe900000)]
  0x0000015c36aedd40 JavaThread "Signal Dispatcher" daemon [_thread_blocked, id=32532, stack(0x0000004ffe900000,0x0000004ffea00000)]
  0x0000015c36aee900 JavaThread "Attach Listener" daemon [_thread_blocked, id=32468, stack(0x0000004ffea00000,0x0000004ffeb00000)]
  0x0000015c3b09c020 JavaThread "Service Thread" daemon [_thread_blocked, id=29540, stack(0x0000004ffeb00000,0x0000004ffec00000)]
  0x0000015c3b09c8f0 JavaThread "Monitor Deflation Thread" daemon [_thread_blocked, id=27348, stack(0x0000004ffec00000,0x0000004ffed00000)]
  0x0000015c3b09d5e0 JavaThread "C2 CompilerThread0" daemon [_thread_blocked, id=24220, stack(0x0000004ffed00000,0x0000004ffee00000)]
  0x0000015c3b0b8000 JavaThread "C1 CompilerThread0" daemon [_thread_blocked, id=25608, stack(0x0000004ffee00000,0x0000004ffef00000)]
  0x0000015c3b0bbf00 JavaThread "Sweeper thread" daemon [_thread_blocked, id=30012, stack(0x0000004ffef00000,0x0000004fff000000)]
  0x0000015c3b23eb60 JavaThread "Notification Thread" daemon [_thread_blocked, id=29644, stack(0x0000004fff000000,0x0000004fff100000)]
  0x0000015c3b24fb00 JavaThread "Common-Cleaner" daemon [_thread_blocked, id=32752, stack(0x0000004fff200000,0x0000004fff300000)]
  0x0000015c3b4df770 JavaThread "C2 CompilerThread1" daemon [_thread_blocked, id=30996, stack(0x0000004fff300000,0x0000004fff400000)]

Other Threads:
  0x0000015c3b062650 VMThread "VM Thread" [stack: 0x0000004ffe600000,0x0000004ffe700000] [id=32256]
  0x0000015c3b23f440 WatcherThread [stack: 0x0000004fff100000,0x0000004fff200000] [id=10728]
  0x0000015c17b68540 GCTaskThread "GC Thread#0" [stack: 0x0000004ffe100000,0x0000004ffe200000] [id=24916]
  0x0000015c17b79210 ConcurrentGCThread "G1 Main Marker" [stack: 0x0000004ffe200000,0x0000004ffe300000] [id=32080]
  0x0000015c17b79c30 ConcurrentGCThread "G1 Conc#0" [stack: 0x0000004ffe300000,0x0000004ffe400000] [id=31212]
  0x0000015c17baea50 ConcurrentGCThread "G1 Refine#0" [stack: 0x0000004ffe400000,0x0000004ffe500000] [id=23076]
  0x0000015c369a17a0 ConcurrentGCThread "G1 Service" [stack: 0x0000004ffe500000,0x0000004ffe600000] [id=32056]

Threads with active compile tasks:

VM state: not at safepoint (normal execution)

VM Mutex/Monitor currently owned by a thread:  ([mutex/lock_event])
[0x0000015c17af7d10] Metaspace_lock - owner thread: 0x0000015c17afcc90

Heap address: 0x0000000702800000, size: 4056 MB, Compressed Oops mode: Zero based, Oop shift amount: 3

CDS archive(s) not mapped
Compressed class space mapped at: 0x0000000800000000-0x0000000840000000, reserved size: 1073741824
Narrow klass base: 0x0000000800000000, Narrow klass shift: 0, Narrow klass range: 0x40000000

GC Precious Log:
 CPUs: 12 total, 12 available
 Memory: 16221M
 Large Page Support: Disabled
 NUMA Support: Disabled
 Compressed Oops: Enabled (Zero based)
 Heap Region Size: 2M
 Heap Min Capacity: 8M
 Heap Initial Capacity: 254M
 Heap Max Capacity: 4056M
 Pre-touch: Disabled
 Parallel Workers: 10
 Concurrent Workers: 3
 Concurrent Refinement Workers: 10
 Periodic GC: Disabled

Heap:
 garbage-first heap   total 260096K, used 4096K [0x0000000702800000, 0x0000000800000000)
  region size 2048K, 3 young (6144K), 0 survivors (0K)
 Metaspace       used 10675K, committed 10880K, reserved 1114112K
  class space    used 1016K, committed 1152K, reserved 1048576K

Heap Regions: E=young(eden), S=young(survivor), O=old, HS=humongous(starts), HC=humongous(continues), CS=collection set, F=free, OA=open archive, CA=closed archive, TAMS=top-at-mark-start (previous, next)
|   0|0x0000000702800000, 0x0000000702800000, 0x0000000702a00000|  0%| F|  |TAMS 0x0000000702800000, 0x0000000702800000| Untracked 
|   1|0x0000000702a00000, 0x0000000702a00000, 0x0000000702c00000|  0%| F|  |TAMS 0x0000000702a00000, 0x0000000702a00000| Untracked 
|   2|0x0000000702c00000, 0x0000000702c00000, 0x0000000702e00000|  0%| F|  |TAMS 0x0000000702c00000, 0x0000000702c00000| Untracked 
|   3|0x0000000702e00000, 0x0000000702e00000, 0x0000000703000000|  0%| F|  |TAMS 0x0000000702e00000, 0x0000000702e00000| Untracked 
|   4|0x0000000703000000, 0x0000000703000000, 0x0000000703200000|  0%| F|  |TAMS 0x0000000703000000, 0x0000000703000000| Untracked 
|   5|0x0000000703200000, 0x0000000703200000, 0x0000000703400000|  0%| F|  |TAMS 0x0000000703200000, 0x0000000703200000| Untracked 
|   6|0x0000000703400000, 0x0000000703400000, 0x0000000703600000|  0%| F|  |TAMS 0x0000000703400000, 0x0000000703400000| Untracked 
|   7|0x0000000703600000, 0x0000000703600000, 0x0000000703800000|  0%| F|  |TAMS 0x0000000703600000, 0x0000000703600000| Untracked 
|   8|0x0000000703800000, 0x0000000703800000, 0x0000000703a00000|  0%| F|  |TAMS 0x0000000703800000, 0x0000000703800000| Untracked 
|   9|0x0000000703a00000, 0x0000000703a00000, 0x0000000703c00000|  0%| F|  |TAMS 0x0000000703a00000, 0x0000000703a00000| Untracked 
|  10|0x0000000703c00000, 0x0000000703c00000, 0x0000000703e00000|  0%| F|  |TAMS 0x0000000703c00000, 0x0000000703c00000| Untracked 
|  11|0x0000000703e00000, 0x0000000703e00000, 0x0000000704000000|  0%| F|  |TAMS 0x0000000703e00000, 0x0000000703e00000| Untracked 
|  12|0x0000000704000000, 0x0000000704000000, 0x0000000704200000|  0%| F|  |TAMS 0x0000000704000000, 0x0000000704000000| Untracked 
|  13|0x0000000704200000, 0x0000000704200000, 0x0000000704400000|  0%| F|  |TAMS 0x0000000704200000, 0x0000000704200000| Untracked 
|  14|0x0000000704400000, 0x0000000704400000, 0x0000000704600000|  0%| F|  |TAMS 0x0000000704400000, 0x0000000704400000| Untracked 
|  15|0x0000000704600000, 0x0000000704600000, 0x0000000704800000|  0%| F|  |TAMS 0x0000000704600000, 0x0000000704600000| Untracked 
|  16|0x0000000704800000, 0x0000000704800000, 0x0000000704a00000|  0%| F|  |TAMS 0x0000000704800000, 0x0000000704800000| Untracked 
|  17|0x0000000704a00000, 0x0000000704a00000, 0x0000000704c00000|  0%| F|  |TAMS 0x0000000704a00000, 0x0000000704a00000| Untracked 
|  18|0x0000000704c00000, 0x0000000704c00000, 0x0000000704e00000|  0%| F|  |TAMS 0x0000000704c00000, 0x0000000704c00000| Untracked 
|  19|0x0000000704e00000, 0x0000000704e00000, 0x0000000705000000|  0%| F|  |TAMS 0x0000000704e00000, 0x0000000704e00000| Untracked 
|  20|0x0000000705000000, 0x0000000705000000, 0x0000000705200000|  0%| F|  |TAMS 0x0000000705000000, 0x0000000705000000| Untracked 
|  21|0x0000000705200000, 0x0000000705200000, 0x0000000705400000|  0%| F|  |TAMS 0x0000000705200000, 0x0000000705200000| Untracked 
|  22|0x0000000705400000, 0x0000000705400000, 0x0000000705600000|  0%| F|  |TAMS 0x0000000705400000, 0x0000000705400000| Untracked 
|  23|0x0000000705600000, 0x0000000705600000, 0x0000000705800000|  0%| F|  |TAMS 0x0000000705600000, 0x0000000705600000| Untracked 
|  24|0x0000000705800000, 0x0000000705800000, 0x0000000705a00000|  0%| F|  |TAMS 0x0000000705800000, 0x0000000705800000| Untracked 
|  25|0x0000000705a00000, 0x0000000705a00000, 0x0000000705c00000|  0%| F|  |TAMS 0x0000000705a00000, 0x0000000705a00000| Untracked 
|  26|0x0000000705c00000, 0x0000000705c00000, 0x0000000705e00000|  0%| F|  |TAMS 0x0000000705c00000, 0x0000000705c00000| Untracked 
|  27|0x0000000705e00000, 0x0000000705e00000, 0x0000000706000000|  0%| F|  |TAMS 0x0000000705e00000, 0x0000000705e00000| Untracked 
|  28|0x0000000706000000, 0x0000000706000000, 0x0000000706200000|  0%| F|  |TAMS 0x0000000706000000, 0x0000000706000000| Untracked 
|  29|0x0000000706200000, 0x0000000706200000, 0x0000000706400000|  0%| F|  |TAMS 0x0000000706200000, 0x0000000706200000| Untracked 
|  30|0x0000000706400000, 0x0000000706400000, 0x0000000706600000|  0%| F|  |TAMS 0x0000000706400000, 0x0000000706400000| Untracked 
|  31|0x0000000706600000, 0x0000000706600000, 0x0000000706800000|  0%| F|  |TAMS 0x0000000706600000, 0x0000000706600000| Untracked 
|  32|0x0000000706800000, 0x0000000706800000, 0x0000000706a00000|  0%| F|  |TAMS 0x0000000706800000, 0x0000000706800000| Untracked 
|  33|0x0000000706a00000, 0x0000000706a00000, 0x0000000706c00000|  0%| F|  |TAMS 0x0000000706a00000, 0x0000000706a00000| Untracked 
|  34|0x0000000706c00000, 0x0000000706c00000, 0x0000000706e00000|  0%| F|  |TAMS 0x0000000706c00000, 0x0000000706c00000| Untracked 
|  35|0x0000000706e00000, 0x0000000706e00000, 0x0000000707000000|  0%| F|  |TAMS 0x0000000706e00000, 0x0000000706e00000| Untracked 
|  36|0x0000000707000000, 0x0000000707000000, 0x0000000707200000|  0%| F|  |TAMS 0x0000000707000000, 0x0000000707000000| Untracked 
|  37|0x0000000707200000, 0x0000000707200000, 0x0000000707400000|  0%| F|  |TAMS 0x0000000707200000, 0x0000000707200000| Untracked 
|  38|0x0000000707400000, 0x0000000707400000, 0x0000000707600000|  0%| F|  |TAMS 0x0000000707400000, 0x0000000707400000| Untracked 
|  39|0x0000000707600000, 0x0000000707600000, 0x0000000707800000|  0%| F|  |TAMS 0x0000000707600000, 0x0000000707600000| Untracked 
|  40|0x0000000707800000, 0x0000000707800000, 0x0000000707a00000|  0%| F|  |TAMS 0x0000000707800000, 0x0000000707800000| Untracked 
|  41|0x0000000707a00000, 0x0000000707a00000, 0x0000000707c00000|  0%| F|  |TAMS 0x0000000707a00000, 0x0000000707a00000| Untracked 
|  42|0x0000000707c00000, 0x0000000707c00000, 0x0000000707e00000|  0%| F|  |TAMS 0x0000000707c00000, 0x0000000707c00000| Untracked 
|  43|0x0000000707e00000, 0x0000000707e00000, 0x0000000708000000|  0%| F|  |TAMS 0x0000000707e00000, 0x0000000707e00000| Untracked 
|  44|0x0000000708000000, 0x0000000708000000, 0x0000000708200000|  0%| F|  |TAMS 0x0000000708000000, 0x0000000708000000| Untracked 
|  45|0x0000000708200000, 0x0000000708200000, 0x0000000708400000|  0%| F|  |TAMS 0x0000000708200000, 0x0000000708200000| Untracked 
|  46|0x0000000708400000, 0x0000000708400000, 0x0000000708600000|  0%| F|  |TAMS 0x0000000708400000, 0x0000000708400000| Untracked 
|  47|0x0000000708600000, 0x0000000708600000, 0x0000000708800000|  0%| F|  |TAMS 0x0000000708600000, 0x0000000708600000| Untracked 
|  48|0x0000000708800000, 0x0000000708800000, 0x0000000708a00000|  0%| F|  |TAMS 0x0000000708800000, 0x0000000708800000| Untracked 
|  49|0x0000000708a00000, 0x0000000708a00000, 0x0000000708c00000|  0%| F|  |TAMS 0x0000000708a00000, 0x0000000708a00000| Untracked 
|  50|0x0000000708c00000, 0x0000000708c00000, 0x0000000708e00000|  0%| F|  |TAMS 0x0000000708c00000, 0x0000000708c00000| Untracked 
|  51|0x0000000708e00000, 0x0000000708e00000, 0x0000000709000000|  0%| F|  |TAMS 0x0000000708e00000, 0x0000000708e00000| Untracked 
|  52|0x0000000709000000, 0x0000000709000000, 0x0000000709200000|  0%| F|  |TAMS 0x0000000709000000, 0x0000000709000000| Untracked 
|  53|0x0000000709200000, 0x0000000709200000, 0x0000000709400000|  0%| F|  |TAMS 0x0000000709200000, 0x0000000709200000| Untracked 
|  54|0x0000000709400000, 0x0000000709400000, 0x0000000709600000|  0%| F|  |TAMS 0x0000000709400000, 0x0000000709400000| Untracked 
|  55|0x0000000709600000, 0x0000000709600000, 0x0000000709800000|  0%| F|  |TAMS 0x0000000709600000, 0x0000000709600000| Untracked 
|  56|0x0000000709800000, 0x0000000709800000, 0x0000000709a00000|  0%| F|  |TAMS 0x0000000709800000, 0x0000000709800000| Untracked 
|  57|0x0000000709a00000, 0x0000000709a00000, 0x0000000709c00000|  0%| F|  |TAMS 0x0000000709a00000, 0x0000000709a00000| Untracked 
|  58|0x0000000709c00000, 0x0000000709c00000, 0x0000000709e00000|  0%| F|  |TAMS 0x0000000709c00000, 0x0000000709c00000| Untracked 
|  59|0x0000000709e00000, 0x0000000709e00000, 0x000000070a000000|  0%| F|  |TAMS 0x0000000709e00000, 0x0000000709e00000| Untracked 
|  60|0x000000070a000000, 0x000000070a000000, 0x000000070a200000|  0%| F|  |TAMS 0x000000070a000000, 0x000000070a000000| Untracked 
|  61|0x000000070a200000, 0x000000070a200000, 0x000000070a400000|  0%| F|  |TAMS 0x000000070a200000, 0x000000070a200000| Untracked 
|  62|0x000000070a400000, 0x000000070a400000, 0x000000070a600000|  0%| F|  |TAMS 0x000000070a400000, 0x000000070a400000| Untracked 
|  63|0x000000070a600000, 0x000000070a600000, 0x000000070a800000|  0%| F|  |TAMS 0x000000070a600000, 0x000000070a600000| Untracked 
|  64|0x000000070a800000, 0x000000070a800000, 0x000000070aa00000|  0%| F|  |TAMS 0x000000070a800000, 0x000000070a800000| Untracked 
|  65|0x000000070aa00000, 0x000000070aa00000, 0x000000070ac00000|  0%| F|  |TAMS 0x000000070aa00000, 0x000000070aa00000| Untracked 
|  66|0x000000070ac00000, 0x000000070ac00000, 0x000000070ae00000|  0%| F|  |TAMS 0x000000070ac00000, 0x000000070ac00000| Untracked 
|  67|0x000000070ae00000, 0x000000070ae00000, 0x000000070b000000|  0%| F|  |TAMS 0x000000070ae00000, 0x000000070ae00000| Untracked 
|  68|0x000000070b000000, 0x000000070b000000, 0x000000070b200000|  0%| F|  |TAMS 0x000000070b000000, 0x000000070b000000| Untracked 
|  69|0x000000070b200000, 0x000000070b200000, 0x000000070b400000|  0%| F|  |TAMS 0x000000070b200000, 0x000000070b200000| Untracked 
|  70|0x000000070b400000, 0x000000070b400000, 0x000000070b600000|  0%| F|  |TAMS 0x000000070b400000, 0x000000070b400000| Untracked 
|  71|0x000000070b600000, 0x000000070b600000, 0x000000070b800000|  0%| F|  |TAMS 0x000000070b600000, 0x000000070b600000| Untracked 
|  72|0x000000070b800000, 0x000000070b800000, 0x000000070ba00000|  0%| F|  |TAMS 0x000000070b800000, 0x000000070b800000| Untracked 
|  73|0x000000070ba00000, 0x000000070ba00000, 0x000000070bc00000|  0%| F|  |TAMS 0x000000070ba00000, 0x000000070ba00000| Untracked 
|  74|0x000000070bc00000, 0x000000070bc00000, 0x000000070be00000|  0%| F|  |TAMS 0x000000070bc00000, 0x000000070bc00000| Untracked 
|  75|0x000000070be00000, 0x000000070be00000, 0x000000070c000000|  0%| F|  |TAMS 0x000000070be00000, 0x000000070be00000| Untracked 
|  76|0x000000070c000000, 0x000000070c000000, 0x000000070c200000|  0%| F|  |TAMS 0x000000070c000000, 0x000000070c000000| Untracked 
|  77|0x000000070c200000, 0x000000070c200000, 0x000000070c400000|  0%| F|  |TAMS 0x000000070c200000, 0x000000070c200000| Untracked 
|  78|0x000000070c400000, 0x000000070c400000, 0x000000070c600000|  0%| F|  |TAMS 0x000000070c400000, 0x000000070c400000| Untracked 
|  79|0x000000070c600000, 0x000000070c600000, 0x000000070c800000|  0%| F|  |TAMS 0x000000070c600000, 0x000000070c600000| Untracked 
|  80|0x000000070c800000, 0x000000070c800000, 0x000000070ca00000|  0%| F|  |TAMS 0x000000070c800000, 0x000000070c800000| Untracked 
|  81|0x000000070ca00000, 0x000000070ca00000, 0x000000070cc00000|  0%| F|  |TAMS 0x000000070ca00000, 0x000000070ca00000| Untracked 
|  82|0x000000070cc00000, 0x000000070cc00000, 0x000000070ce00000|  0%| F|  |TAMS 0x000000070cc00000, 0x000000070cc00000| Untracked 
|  83|0x000000070ce00000, 0x000000070ce00000, 0x000000070d000000|  0%| F|  |TAMS 0x000000070ce00000, 0x000000070ce00000| Untracked 
|  84|0x000000070d000000, 0x000000070d000000, 0x000000070d200000|  0%| F|  |TAMS 0x000000070d000000, 0x000000070d000000| Untracked 
|  85|0x000000070d200000, 0x000000070d200000, 0x000000070d400000|  0%| F|  |TAMS 0x000000070d200000, 0x000000070d200000| Untracked 
|  86|0x000000070d400000, 0x000000070d400000, 0x000000070d600000|  0%| F|  |TAMS 0x000000070d400000, 0x000000070d400000| Untracked 
|  87|0x000000070d600000, 0x000000070d600000, 0x000000070d800000|  0%| F|  |TAMS 0x000000070d600000, 0x000000070d600000| Untracked 
|  88|0x000000070d800000, 0x000000070d800000, 0x000000070da00000|  0%| F|  |TAMS 0x000000070d800000, 0x000000070d800000| Untracked 
|  89|0x000000070da00000, 0x000000070da00000, 0x000000070dc00000|  0%| F|  |TAMS 0x000000070da00000, 0x000000070da00000| Untracked 
|  90|0x000000070dc00000, 0x000000070dc00000, 0x000000070de00000|  0%| F|  |TAMS 0x000000070dc00000, 0x000000070dc00000| Untracked 
|  91|0x000000070de00000, 0x000000070de00000, 0x000000070e000000|  0%| F|  |TAMS 0x000000070de00000, 0x000000070de00000| Untracked 
|  92|0x000000070e000000, 0x000000070e000000, 0x000000070e200000|  0%| F|  |TAMS 0x000000070e000000, 0x000000070e000000| Untracked 
|  93|0x000000070e200000, 0x000000070e200000, 0x000000070e400000|  0%| F|  |TAMS 0x000000070e200000, 0x000000070e200000| Untracked 
|  94|0x000000070e400000, 0x000000070e400000, 0x000000070e600000|  0%| F|  |TAMS 0x000000070e400000, 0x000000070e400000| Untracked 
|  95|0x000000070e600000, 0x000000070e600000, 0x000000070e800000|  0%| F|  |TAMS 0x000000070e600000, 0x000000070e600000| Untracked 
|  96|0x000000070e800000, 0x000000070e800000, 0x000000070ea00000|  0%| F|  |TAMS 0x000000070e800000, 0x000000070e800000| Untracked 
|  97|0x000000070ea00000, 0x000000070ea00000, 0x000000070ec00000|  0%| F|  |TAMS 0x000000070ea00000, 0x000000070ea00000| Untracked 
|  98|0x000000070ec00000, 0x000000070ec00000, 0x000000070ee00000|  0%| F|  |TAMS 0x000000070ec00000, 0x000000070ec00000| Untracked 
|  99|0x000000070ee00000, 0x000000070ee00000, 0x000000070f000000|  0%| F|  |TAMS 0x000000070ee00000, 0x000000070ee00000| Untracked 
| 100|0x000000070f000000, 0x000000070f000000, 0x000000070f200000|  0%| F|  |TAMS 0x000000070f000000, 0x000000070f000000| Untracked 
| 101|0x000000070f200000, 0x000000070f200000, 0x000000070f400000|  0%| F|  |TAMS 0x000000070f200000, 0x000000070f200000| Untracked 
| 102|0x000000070f400000, 0x000000070f400000, 0x000000070f600000|  0%| F|  |TAMS 0x000000070f400000, 0x000000070f400000| Untracked 
| 103|0x000000070f600000, 0x000000070f600000, 0x000000070f800000|  0%| F|  |TAMS 0x000000070f600000, 0x000000070f600000| Untracked 
| 104|0x000000070f800000, 0x000000070f800000, 0x000000070fa00000|  0%| F|  |TAMS 0x000000070f800000, 0x000000070f800000| Untracked 
| 105|0x000000070fa00000, 0x000000070fa00000, 0x000000070fc00000|  0%| F|  |TAMS 0x000000070fa00000, 0x000000070fa00000| Untracked 
| 106|0x000000070fc00000, 0x000000070fc00000, 0x000000070fe00000|  0%| F|  |TAMS 0x000000070fc00000, 0x000000070fc00000| Untracked 
| 107|0x000000070fe00000, 0x000000070fe00000, 0x0000000710000000|  0%| F|  |TAMS 0x000000070fe00000, 0x000000070fe00000| Untracked 
| 108|0x0000000710000000, 0x0000000710000000, 0x0000000710200000|  0%| F|  |TAMS 0x0000000710000000, 0x0000000710000000| Untracked 
| 109|0x0000000710200000, 0x0000000710200000, 0x0000000710400000|  0%| F|  |TAMS 0x0000000710200000, 0x0000000710200000| Untracked 
| 110|0x0000000710400000, 0x0000000710400000, 0x0000000710600000|  0%| F|  |TAMS 0x0000000710400000, 0x0000000710400000| Untracked 
| 111|0x0000000710600000, 0x0000000710600000, 0x0000000710800000|  0%| F|  |TAMS 0x0000000710600000, 0x0000000710600000| Untracked 
| 112|0x0000000710800000, 0x0000000710800000, 0x0000000710a00000|  0%| F|  |TAMS 0x0000000710800000, 0x0000000710800000| Untracked 
| 113|0x0000000710a00000, 0x0000000710a00000, 0x0000000710c00000|  0%| F|  |TAMS 0x0000000710a00000, 0x0000000710a00000| Untracked 
| 114|0x0000000710c00000, 0x0000000710c00000, 0x0000000710e00000|  0%| F|  |TAMS 0x0000000710c00000, 0x0000000710c00000| Untracked 
| 115|0x0000000710e00000, 0x0000000710e00000, 0x0000000711000000|  0%| F|  |TAMS 0x0000000710e00000, 0x0000000710e00000| Untracked 
| 116|0x0000000711000000, 0x0000000711000000, 0x0000000711200000|  0%| F|  |TAMS 0x0000000711000000, 0x0000000711000000| Untracked 
| 117|0x0000000711200000, 0x0000000711200000, 0x0000000711400000|  0%| F|  |TAMS 0x0000000711200000, 0x0000000711200000| Untracked 
| 118|0x0000000711400000, 0x0000000711400000, 0x0000000711600000|  0%| F|  |TAMS 0x0000000711400000, 0x0000000711400000| Untracked 
| 119|0x0000000711600000, 0x0000000711600000, 0x0000000711800000|  0%| F|  |TAMS 0x0000000711600000, 0x0000000711600000| Untracked 
| 120|0x0000000711800000, 0x0000000711800000, 0x0000000711a00000|  0%| F|  |TAMS 0x0000000711800000, 0x0000000711800000| Untracked 
| 121|0x0000000711a00000, 0x0000000711a00000, 0x0000000711c00000|  0%| F|  |TAMS 0x0000000711a00000, 0x0000000711a00000| Untracked 
| 122|0x0000000711c00000, 0x0000000711c00000, 0x0000000711e00000|  0%| F|  |TAMS 0x0000000711c00000, 0x0000000711c00000| Untracked 
| 123|0x0000000711e00000, 0x0000000711e00000, 0x0000000712000000|  0%| F|  |TAMS 0x0000000711e00000, 0x0000000711e00000| Untracked 
| 124|0x0000000712000000, 0x0000000712200000, 0x0000000712200000|100%| E|  |TAMS 0x0000000712000000, 0x0000000712000000| Complete 
| 125|0x0000000712200000, 0x0000000712400000, 0x0000000712400000|100%| E|CS|TAMS 0x0000000712200000, 0x0000000712200000| Complete 
| 126|0x0000000712400000, 0x0000000712600000, 0x0000000712600000|100%| E|CS|TAMS 0x0000000712400000, 0x0000000712400000| Complete 

Card table byte_map: [0x0000015c2afb0000,0x0000015c2b7a0000] _byte_map_base: 0x0000015c2779c000

Marking Bits (Prev, Next): (CMBitMap*) 0x0000015c17b68b60, (CMBitMap*) 0x0000015c17b68ba0
 Prev Bits: [0x0000015c2bf90000, 0x0000015c2fef0000)
 Next Bits: [0x0000015c2fef0000, 0x0000015c33e50000)

Polling page: 0x0000015c15a80000

Metaspace:

Usage:
  Non-class:      9.43 MB used.
      Class:   1016.34 KB used.
       Both:     10.43 MB used.

Virtual space:
  Non-class space:       64.00 MB reserved,       9.50 MB ( 15%) committed,  1 nodes.
      Class space:        1.00 GB reserved,       1.12 MB ( <1%) committed,  1 nodes.
             Both:        1.06 GB reserved,      10.62 MB ( <1%) committed. 

Chunk freelists:
   Non-Class:  6.29 MB
       Class:  14.75 MB
        Both:  21.03 MB

MaxMetaspaceSize: unlimited
CompressedClassSpaceSize: 1.00 GB
Initial GC threshold: 21.00 MB
Current GC threshold: 21.00 MB
CDS: off
MetaspaceReclaimPolicy: balanced
 - commit_granule_bytes: 65536.
 - commit_granule_words: 8192.
 - virtual_space_node_default_size: 8388608.
 - enlarge_chunks_in_place: 1.
 - new_chunks_are_fully_committed: 0.
 - uncommit_free_chunks: 1.
 - use_allocation_guard: 0.
 - handle_deallocations: 1.


Internal statistics:

num_allocs_failed_limit: 0.
num_arena_births: 52.
num_arena_deaths: 0.
num_vsnodes_births: 2.
num_vsnodes_deaths: 0.
num_space_committed: 170.
num_space_uncommitted: 0.
num_chunks_returned_to_freelist: 0.
num_chunks_taken_from_freelist: 100.
num_chunk_merges: 0.
num_chunk_splits: 51.
num_chunks_enlarged: 31.
num_inconsistent_stats: 0.

CodeHeap 'non-profiled nmethods': size=120000Kb used=164Kb max_used=164Kb free=119836Kb
 bounds [0x0000015c22d40000, 0x0000015c22fb0000, 0x0000015c2a270000]
CodeHeap 'profiled nmethods': size=120000Kb used=832Kb max_used=832Kb free=119167Kb
 bounds [0x0000015c1b270000, 0x0000015c1b4e0000, 0x0000015c227a0000]
CodeHeap 'non-nmethods': size=5760Kb used=1157Kb max_used=1169Kb free=4602Kb
 bounds [0x0000015c227a0000, 0x0000015c22a10000, 0x0000015c22d40000]
 total_blobs=999 nmethods=564 adapters=348
 compilation: enabled
              stopped_count=0, restarted_count=0
 full_count=0

Compilation events (20 events):
Event: 0.296 Thread 0x0000015c3b0b8000  548       3       jdk.internal.org.objectweb.asm.SymbolTable::addConstantMemberReference (147 bytes)
Event: 0.296 Thread 0x0000015c3b0b8000 nmethod 548 0x0000015c1b33cc10 code [0x0000015c1b33ce80, 0x0000015c1b33d768]
Event: 0.296 Thread 0x0000015c3b0b8000  549       3       jdk.internal.org.objectweb.asm.SymbolTable::hash (20 bytes)
Event: 0.296 Thread 0x0000015c3b0b8000 nmethod 549 0x0000015c1b33dc90 code [0x0000015c1b33de40, 0x0000015c1b33e008]
Event: 0.296 Thread 0x0000015c3b0b8000  550       3       jdk.internal.org.objectweb.asm.AnnotationWriter::putAnnotations (67 bytes)
Event: 0.296 Thread 0x0000015c3b0b8000 nmethod 550 0x0000015c1b33e190 code [0x0000015c1b33e3a0, 0x0000015c1b33e7d8]
Event: 0.297 Thread 0x0000015c3b0b8000  551       1       java.lang.invoke.LambdaForm$BasicType::basicTypeClass (5 bytes)
Event: 0.297 Thread 0x0000015c3b0b8000 nmethod 551 0x0000015c22d67e10 code [0x0000015c22d67fa0, 0x0000015c22d68078]
Event: 0.297 Thread 0x0000015c3b0b8000  554       1       java.lang.invoke.LambdaForm$Name::type (5 bytes)
Event: 0.297 Thread 0x0000015c3b0b8000 nmethod 554 0x0000015c22d68710 code [0x0000015c22d688a0, 0x0000015c22d68978]
Event: 0.297 Thread 0x0000015c3b0b8000  558       3       java.lang.invoke.MethodType::parameterSlotCount (8 bytes)
Event: 0.297 Thread 0x0000015c3b0b8000 nmethod 558 0x0000015c1b33ea90 code [0x0000015c1b33ec20, 0x0000015c1b33ed58]
Event: 0.297 Thread 0x0000015c3b0b8000  559       3       java.lang.invoke.LambdaForm::internArgument (85 bytes)
Event: 0.297 Thread 0x0000015c3b0b8000 nmethod 559 0x0000015c1b33ee10 code [0x0000015c1b33efe0, 0x0000015c1b33f348]
Event: 0.297 Thread 0x0000015c3b0b8000  560       3       java.lang.Long::<init> (10 bytes)
Event: 0.297 Thread 0x0000015c3b0b8000 nmethod 560 0x0000015c1b33f510 code [0x0000015c1b33f6c0, 0x0000015c1b33f898]
Event: 0.297 Thread 0x0000015c3b0b8000  562       3       java.lang.invoke.LambdaForm::parameter (38 bytes)
Event: 0.297 Thread 0x0000015c3b0b8000 nmethod 562 0x0000015c1b33f990 code [0x0000015c1b33fb20, 0x0000015c1b33fc78]
Event: 0.297 Thread 0x0000015c3b0b8000  563       3       java.lang.invoke.LambdaForm::uncustomize (57 bytes)
Event: 0.297 Thread 0x0000015c3b0b8000 nmethod 563 0x0000015c1b33fd90 code [0x0000015c1b33ff40, 0x0000015c1b340268]

GC Heap History (0 events):
No events

Dll operation events (1 events):
Event: 0.005 Loaded shared library C:\Program Files\JetBrains\IntelliJ IDEA 2023.2.6\jbr\bin\java.dll

Deoptimization events (10 events):
Event: 0.257 Thread 0x0000015c17afcc90 DEOPT PACKING pc=0x0000015c1b2a6bad sp=0x0000004ffe0fddf0
Event: 0.257 Thread 0x0000015c17afcc90 DEOPT UNPACKING pc=0x0000015c227face3 sp=0x0000004ffe0fd288 mode 0
Event: 0.258 Thread 0x0000015c17afcc90 Uncommon trap: trap_request=0xffffff45 fr.pc=0x0000015c22d5b19c relative=0x00000000000004fc
Event: 0.258 Thread 0x0000015c17afcc90 Uncommon trap: reason=unstable_if action=reinterpret pc=0x0000015c22d5b19c method=java.lang.AbstractStringBuilder.putStringAt(ILjava/lang/String;II)V @ 8 c2
Event: 0.258 Thread 0x0000015c17afcc90 DEOPT PACKING pc=0x0000015c22d5b19c sp=0x0000004ffe0fdd00
Event: 0.258 Thread 0x0000015c17afcc90 DEOPT UNPACKING pc=0x0000015c227fa1a3 sp=0x0000004ffe0fdb98 mode 2
Event: 0.262 Thread 0x0000015c17afcc90 Uncommon trap: trap_request=0xffffff45 fr.pc=0x0000015c22d5c1f4 relative=0x0000000000000074
Event: 0.262 Thread 0x0000015c17afcc90 Uncommon trap: reason=unstable_if action=reinterpret pc=0x0000015c22d5c1f4 method=jdk.internal.misc.Unsafe.convEndian(ZI)I @ 4 c2
Event: 0.262 Thread 0x0000015c17afcc90 DEOPT PACKING pc=0x0000015c22d5c1f4 sp=0x0000004ffe0fddb0
Event: 0.262 Thread 0x0000015c17afcc90 DEOPT UNPACKING pc=0x0000015c227fa1a3 sp=0x0000004ffe0fdce0 mode 2

Classes unloaded (0 events):
No events

Classes redefined (0 events):
No events

Internal exceptions (15 events):
Event: 0.166 Thread 0x0000015c17afcc90 Exception <a 'sun/nio/fs/WindowsException'{0x00000007122d8a20}> (0x00000007122d8a20) 
thrown [s\src\hotspot\share\prims\jni.cpp, line 517]
Event: 0.177 Thread 0x0000015c17afcc90 Exception <a 'java/lang/NoSuchMethodError'{0x00000007123056f0}: 'int java.lang.invoke.DirectMethodHandle$Holder.invokeStaticInit(java.lang.Object, java.lang.Object, java.lang.Object, java.lang.Object)'> (0x00000007123056f0) 
thrown [s\src\hotspot\share\interpreter\linkResolver.cpp, line 771]
Event: 0.178 Thread 0x0000015c17afcc90 Exception <a 'java/lang/NoSuchMethodError'{0x00000007123103c0}: 'java.lang.Object java.lang.invoke.DirectMethodHandle$Holder.invokeInterface(java.lang.Object, java.lang.Object)'> (0x00000007123103c0) 
thrown [s\src\hotspot\share\interpreter\linkResolver.cpp, line 771]
Event: 0.179 Thread 0x0000015c17afcc90 Exception <a 'java/lang/IncompatibleClassChangeError'{0x0000000712313ce0}: Found class java.lang.Object, but interface was expected> (0x0000000712313ce0) 
thrown [s\src\hotspot\share\interpreter\linkResolver.cpp, line 838]
Event: 0.179 Thread 0x0000015c17afcc90 Exception <a 'java/lang/NoSuchMethodError'{0x0000000712317090}: 'void java.lang.invoke.DirectMethodHandle$Holder.invokeStatic(java.lang.Object, java.lang.Object)'> (0x0000000712317090) 
thrown [s\src\hotspot\share\interpreter\linkResolver.cpp, line 771]
Event: 0.180 Thread 0x0000015c17afcc90 Exception <a 'java/lang/NoSuchMethodError'{0x000000071231a9a8}: 'void java.lang.invoke.DirectMethodHandle$Holder.invokeStaticInit(java.lang.Object, java.lang.Object)'> (0x000000071231a9a8) 
thrown [s\src\hotspot\share\interpreter\linkResolver.cpp, line 771]
Event: 0.181 Thread 0x0000015c17afcc90 Exception <a 'java/lang/NoSuchMethodError'{0x0000000712321260}: 'int java.lang.invoke.DirectMethodHandle$Holder.invokeStaticInit(java.lang.Object, java.lang.Object)'> (0x0000000712321260) 
thrown [s\src\hotspot\share\interpreter\linkResolver.cpp, line 771]
Event: 0.209 Thread 0x0000015c17afcc90 Exception <a 'java/lang/NoSuchMethodError'{0x0000000712008508}: 'java.lang.Object java.lang.invoke.DirectMethodHandle$Holder.invokeStaticInit(java.lang.Object, int, int, int, int)'> (0x0000000712008508) 
thrown [s\src\hotspot\share\interpreter\linkResolver.cpp, line 771]
Event: 0.259 Thread 0x0000015c17afcc90 Exception <a 'java/lang/NoSuchMethodError'{0x00000007120de328}: 'java.lang.Object java.lang.invoke.DirectMethodHandle$Holder.invokeStaticInit(java.lang.Object, java.lang.Object, int, int, int, int)'> (0x00000007120de328) 
thrown [s\src\hotspot\share\interpreter\linkResolver.cpp, line 771]
Event: 0.269 Thread 0x0000015c17afcc90 Exception <a 'java/lang/NoSuchMethodError'{0x0000000712147320}: 'java.lang.Object java.lang.invoke.DirectMethodHandle$Holder.invokeStatic(java.lang.Object, java.lang.Object, int)'> (0x0000000712147320) 
thrown [s\src\hotspot\share\interpreter\linkResolver.cpp, line 771]
Event: 0.269 Thread 0x0000015c17afcc90 Exception <a 'java/lang/NoSuchMethodError'{0x000000071214aa98}: 'java.lang.Object java.lang.invoke.DirectMethodHandle$Holder.invokeStaticInit(java.lang.Object, java.lang.Object, int)'> (0x000000071214aa98) 
thrown [s\src\hotspot\share\interpreter\linkResolver.cpp, line 771]
Event: 0.270 Thread 0x0000015c17afcc90 Exception <a 'java/lang/NoSuchMethodError'{0x0000000712150e48}: 'java.lang.Object java.lang.invoke.DirectMethodHandle$Holder.newInvokeSpecial(java.lang.Object, java.lang.Object, int)'> (0x0000000712150e48) 
thrown [s\src\hotspot\share\interpreter\linkResolver.cpp, line 771]
Event: 0.273 Thread 0x0000015c17afcc90 Exception <a 'java/lang/NoSuchMethodError'{0x00000007121609a0}: 'int java.lang.invoke.DirectMethodHandle$Holder.invokeStaticInit(java.lang.Object, java.lang.Object, java.lang.Object)'> (0x00000007121609a0) 
thrown [s\src\hotspot\share\interpreter\linkResolver.cpp, line 771]
Event: 0.275 Thread 0x0000015c17afcc90 Exception <a 'java/lang/NoSuchMethodError'{0x0000000712170b80}: 'int java.lang.invoke.DirectMethodHandle$Holder.invokeSpecial(java.lang.Object, java.lang.Object, java.lang.Object)'> (0x0000000712170b80) 
thrown [s\src\hotspot\share\interpreter\linkResolver.cpp, line 771]
Event: 0.276 Thread 0x0000015c17afcc90 Exception <a 'java/lang/NoSuchMethodError'{0x0000000712178f60}: 'int java.lang.invoke.DirectMethodHandle$Holder.invokeSpecialIFC(java.lang.Object, java.lang.Object, java.lang.Object)'> (0x0000000712178f60) 
thrown [s\src\hotspot\share\interpreter\linkResolver.cpp, line 771]

VM Operations (6 events):
Event: 0.096 Executing VM operation: HandshakeAllThreads
Event: 0.096 Executing VM operation: HandshakeAllThreads done
Event: 0.106 Executing VM operation: HandshakeAllThreads
Event: 0.106 Executing VM operation: HandshakeAllThreads done
Event: 0.219 Executing VM operation: HandshakeAllThreads
Event: 0.219 Executing VM operation: HandshakeAllThreads done

Events (20 events):
Event: 0.291 loading class sun/util/logging/PlatformLogger$ConfigurableBridge$LoggerConfiguration done
Event: 0.291 loading class jdk/internal/logger/SimpleConsoleLogger done
Event: 0.291 loading class jdk/internal/logger/SurrogateLogger done
Event: 0.291 loading class sun/util/logging/PlatformLogger
Event: 0.291 loading class sun/util/logging/PlatformLogger done
Event: 0.291 loading class sun/util/logging/PlatformLogger$Level
Event: 0.291 loading class sun/util/logging/PlatformLogger$Level done
Event: 0.293 loading class java/lang/invoke/MethodHandleImpl$AsVarargsCollector
Event: 0.293 loading class java/lang/invoke/MethodHandleImpl$AsVarargsCollector done
Event: 0.295 loading class java/lang/invoke/BoundMethodHandle$Species_LL
Event: 0.295 loading class java/lang/invoke/BoundMethodHandle$Species_LL done
Event: 0.296 loading class java/lang/invoke/BoundMethodHandle$Species_LLL
Event: 0.296 loading class java/lang/invoke/BoundMethodHandle$Species_LLL done
Event: 0.297 loading class java/lang/Long$LongCache
Event: 0.297 loading class java/lang/Long$LongCache done
Event: 0.297 loading class java/lang/invoke/MethodHandles$1
Event: 0.297 loading class java/lang/invoke/MethodHandles$1 done
Event: 0.297 loading class java/lang/invoke/BoundMethodHandle$Species_LJ
Event: 0.297 loading class java/lang/invoke/BoundMethodHandle$Species_LJ done
Event: 0.297 loading class java/lang/invoke/BoundMethodHandle$Species_LLLL


Dynamic libraries:
0x00007ff73e710000 - 0x00007ff73e71a000 	C:\Program Files\JetBrains\IntelliJ IDEA 2023.2.6\jbr\bin\java.exe
0x00007fffb8d50000 - 0x00007fffb8f67000 	C:\WINDOWS\SYSTEM32\ntdll.dll
0x00007fffb7e60000 - 0x00007fffb7f24000 	C:\WINDOWS\System32\KERNEL32.DLL
0x00007fffb6670000 - 0x00007fffb6a1c000 	C:\WINDOWS\System32\KERNELBASE.dll
0x00007fffb6430000 - 0x00007fffb6541000 	C:\WINDOWS\System32\ucrtbase.dll
0x00007fffb0a20000 - 0x00007fffb0a37000 	C:\Program Files\JetBrains\IntelliJ IDEA 2023.2.6\jbr\bin\jli.dll
0x00007fffa0420000 - 0x00007fffa043b000 	C:\Program Files\JetBrains\IntelliJ IDEA 2023.2.6\jbr\bin\VCRUNTIME140.dll
0x00007fffb73a0000 - 0x00007fffb754e000 	C:\WINDOWS\System32\USER32.dll
0x00007fffb6100000 - 0x00007fffb6126000 	C:\WINDOWS\System32\win32u.dll
0x00007fffb4c30000 - 0x00007fffb4ec3000 	C:\WINDOWS\WinSxS\amd64_microsoft.windows.common-controls_6595b64144ccf1df_6.0.22621.3672_none_2713b9d173822955\COMCTL32.dll
0x00007fffb6f00000 - 0x00007fffb6f29000 	C:\WINDOWS\System32\GDI32.dll
0x00007fffb7c10000 - 0x00007fffb7cb7000 	C:\WINDOWS\System32\msvcrt.dll
0x00007fffb6550000 - 0x00007fffb6669000 	C:\WINDOWS\System32\gdi32full.dll
0x00007fffb6390000 - 0x00007fffb642a000 	C:\WINDOWS\System32\msvcp_win.dll
0x00007fffb7ab0000 - 0x00007fffb7ae1000 	C:\WINDOWS\System32\IMM32.DLL
0x00007fffa2bc0000 - 0x00007fffa2bcc000 	C:\Program Files\JetBrains\IntelliJ IDEA 2023.2.6\jbr\bin\vcruntime140_1.dll
0x00007fff9f170000 - 0x00007fff9f1fd000 	C:\Program Files\JetBrains\IntelliJ IDEA 2023.2.6\jbr\bin\msvcp140.dll
0x00007fff3f0a0000 - 0x00007fff3fd23000 	C:\Program Files\JetBrains\IntelliJ IDEA 2023.2.6\jbr\bin\server\jvm.dll
0x00007fffb7550000 - 0x00007fffb7602000 	C:\WINDOWS\System32\ADVAPI32.dll
0x00007fffb7cc0000 - 0x00007fffb7d6a000 	C:\WINDOWS\System32\sechost.dll
0x00007fffb62a0000 - 0x00007fffb62c8000 	C:\WINDOWS\System32\bcrypt.dll
0x00007fffb7610000 - 0x00007fffb7725000 	C:\WINDOWS\System32\RPCRT4.dll
0x00007fff96230000 - 0x00007fff96239000 	C:\WINDOWS\SYSTEM32\WSOCK32.dll
0x00007fffb5f40000 - 0x00007fffb5f8d000 	C:\WINDOWS\SYSTEM32\POWRPROF.dll
0x00007fffb41b0000 - 0x00007fffb41e4000 	C:\WINDOWS\SYSTEM32\WINMM.dll
0x00007fffb83b0000 - 0x00007fffb8421000 	C:\WINDOWS\System32\WS2_32.dll
0x00007fffab040000 - 0x00007fffab04a000 	C:\WINDOWS\SYSTEM32\VERSION.dll
0x00007fffb5f20000 - 0x00007fffb5f33000 	C:\WINDOWS\SYSTEM32\UMPDC.dll
0x00007fffb5070000 - 0x00007fffb5088000 	C:\WINDOWS\SYSTEM32\kernel.appcore.dll
0x00007fffb0fe0000 - 0x00007fffb0fea000 	C:\Program Files\JetBrains\IntelliJ IDEA 2023.2.6\jbr\bin\jimage.dll
0x00007fffab6d0000 - 0x00007fffab902000 	C:\WINDOWS\SYSTEM32\DBGHELP.DLL
0x00007fffb6b70000 - 0x00007fffb6ef8000 	C:\WINDOWS\System32\combase.dll
0x00007fffb6a90000 - 0x00007fffb6b67000 	C:\WINDOWS\System32\OLEAUT32.dll
0x00007fffa6520000 - 0x00007fffa6552000 	C:\WINDOWS\SYSTEM32\dbgcore.DLL
0x00007fffb6080000 - 0x00007fffb60fb000 	C:\WINDOWS\System32\bcryptPrimitives.dll
0x00007fffb09f0000 - 0x00007fffb0a15000 	C:\Program Files\JetBrains\IntelliJ IDEA 2023.2.6\jbr\bin\java.dll
0x00007fffadf60000 - 0x00007fffadf78000 	C:\Program Files\JetBrains\IntelliJ IDEA 2023.2.6\jbr\bin\zip.dll
0x00007fffb8490000 - 0x00007fffb8cec000 	C:\WINDOWS\System32\SHELL32.dll
0x00007fffb4330000 - 0x00007fffb4c27000 	C:\WINDOWS\SYSTEM32\windows.storage.dll
0x00007fffb41f0000 - 0x00007fffb432f000 	C:\WINDOWS\SYSTEM32\wintypes.dll
0x00007fffb7b10000 - 0x00007fffb7c04000 	C:\WINDOWS\System32\SHCORE.dll
0x00007fffb7830000 - 0x00007fffb788e000 	C:\WINDOWS\System32\shlwapi.dll
0x00007fffb5fb0000 - 0x00007fffb5fd1000 	C:\WINDOWS\SYSTEM32\profapi.dll
0x00007fffa5ce0000 - 0x00007fffa5cf9000 	C:\Program Files\JetBrains\IntelliJ IDEA 2023.2.6\jbr\bin\net.dll
0x00007fffac780000 - 0x00007fffac8b6000 	C:\WINDOWS\SYSTEM32\WINHTTP.dll
0x00007fffb54d0000 - 0x00007fffb5539000 	C:\WINDOWS\system32\mswsock.dll
0x00007fffa51c0000 - 0x00007fffa51d6000 	C:\Program Files\JetBrains\IntelliJ IDEA 2023.2.6\jbr\bin\nio.dll
0x00007fffb5890000 - 0x00007fffb58ab000 	C:\WINDOWS\SYSTEM32\CRYPTSP.dll
0x0000000060ac0000 - 0x0000000060ad9000 	C:\Program Files\Common Files\Crypto Pro\AppCompat\cpadvai.dll
0x00007fffb4fd0000 - 0x00007fffb5005000 	C:\WINDOWS\system32\rsaenh.dll
0x00007fffb5570000 - 0x00007fffb5598000 	C:\WINDOWS\SYSTEM32\USERENV.dll
0x00007fffb5870000 - 0x00007fffb587c000 	C:\WINDOWS\SYSTEM32\CRYPTBASE.dll
0x00007fffb3d80000 - 0x00007fffb3dad000 	C:\WINDOWS\SYSTEM32\IPHLPAPI.DLL
0x00007fffb7390000 - 0x00007fffb7399000 	C:\WINDOWS\System32\NSI.dll
0x00007fffac730000 - 0x00007fffac749000 	C:\WINDOWS\SYSTEM32\dhcpcsvc6.DLL
0x00007fffac710000 - 0x00007fffac72f000 	C:\WINDOWS\SYSTEM32\dhcpcsvc.DLL
0x00007fffb3df0000 - 0x00007fffb3ee8000 	C:\WINDOWS\SYSTEM32\DNSAPI.dll

dbghelp: loaded successfully - version: 4.0.5 - missing functions: none
symbol engine: initialized successfully - sym options: 0x614 - pdb path: .;C:\Program Files\JetBrains\IntelliJ IDEA 2023.2.6\jbr\bin;C:\WINDOWS\SYSTEM32;C:\WINDOWS\WinSxS\amd64_microsoft.windows.common-controls_6595b64144ccf1df_6.0.22621.3672_none_2713b9d173822955;C:\Program Files\JetBrains\IntelliJ IDEA 2023.2.6\jbr\bin\server;C:\Program Files\Common Files\Crypto Pro\AppCompat

VM Arguments:
java_command: git4idea.http.GitAskPassApp Username for 'https://gitlab.com': 
java_class_path (initial): C:/Program Files/JetBrains/IntelliJ IDEA 2023.2.6/plugins/vcs-git/lib/git4idea-rt.jar;C:/Program Files/JetBrains/IntelliJ IDEA 2023.2.6/lib/externalProcess-rt.jar
Launcher Type: SUN_STANDARD

[Global flags]
     intx CICompilerCount                          = 4                                         {product} {ergonomic}
     uint ConcGCThreads                            = 3                                         {product} {ergonomic}
     uint G1ConcRefinementThreads                  = 10                                        {product} {ergonomic}
   size_t G1HeapRegionSize                         = 2097152                                   {product} {ergonomic}
    uintx GCDrainStackTargetSize                   = 64                                        {product} {ergonomic}
   size_t InitialHeapSize                          = 266338304                                 {product} {ergonomic}
   size_t MarkStackSize                            = 4194304                                   {product} {ergonomic}
   size_t MaxHeapSize                              = 4253024256                                {product} {ergonomic}
   size_t MaxNewSize                               = 2550136832                                {product} {ergonomic}
   size_t MinHeapDeltaBytes                        = 2097152                                   {product} {ergonomic}
   size_t MinHeapSize                              = 8388608                                   {product} {ergonomic}
    uintx NonNMethodCodeHeapSize                   = 5839372                                {pd product} {ergonomic}
    uintx NonProfiledCodeHeapSize                  = 122909434                              {pd product} {ergonomic}
    uintx ProfiledCodeHeapSize                     = 122909434                              {pd product} {ergonomic}
    uintx ReservedCodeCacheSize                    = 251658240                              {pd product} {ergonomic}
     bool SegmentedCodeCache                       = true                                      {product} {ergonomic}
   size_t SoftMaxHeapSize                          = 4253024256                             {manageable} {ergonomic}
     bool UseCompressedClassPointers               = true                           {product lp64_product} {ergonomic}
     bool UseCompressedOops                        = true                           {product lp64_product} {ergonomic}
     bool UseG1GC                                  = true                                      {product} {ergonomic}
     bool UseLargePagesIndividualAllocation        = false                                  {pd product} {ergonomic}

Logging:
Log output configuration:
 #0: stdout all=warning uptime,level,tags
 #1: stderr all=off uptime,level,tags

Environment Variables:
JAVA_HOME=C:\Program Files\Java\jdk-17
PATH=C:\Program Files\Git\mingw64\libexec\git-core;C:\Program Files\Git\mingw64\libexec\git-core;C:\Program Files\Git\mingw64\bin;C:\Program Files\Git\usr\bin;C:\Users\ִלטענטי\bin;C:\Program Files\Java\jdk-17\bin;C:\Program Files\Common Files\Oracle\Java\javapath;C:\WINDOWS\system32;C:\WINDOWS;C:\WINDOWS\System32\Wbem;C:\WINDOWS\System32\WindowsPowerShell\v1.0;C:\WINDOWS\System32\OpenSSH;C:\Program Files\dotnet;C:\Program Files\Git\cmd;C:\Gradle\gradle-8.4\bin;C:\Program Files\apache-maven-3.9.6\bin;C:\Program Files\Docker\Docker\resources\bin;C:\Program Files\MySQL\MySQL Shell 8.0\bin;C:\Users\ִלטענטי\AppData\Local\Microsoft\WindowsApps;C:\Program Files\JetBrains\IntelliJ IDEA 2023.2.6\bin
USERNAME=ִלטענטי
DISPLAY=:0.0
LC_ALL=en_US.UTF-8
TERM=xterm-256color
TMPDIR=C:\Users\AACE~1\AppData\Local\Temp
OS=Windows_NT
PROCESSOR_IDENTIFIER=Intel64 Family 6 Model 167 Stepping 1, GenuineIntel
TMP=C:\Users\AACE~1\AppData\Local\Temp
TEMP=C:\Users\AACE~1\AppData\Local\Temp



Periodic native trim disabled

JNI global refs:
JNI global refs: 19, weak refs: 0

JNI global refs memory usage: 843, weak refs: 209

OOME stack traces (most recent first):
Classloader memory used:
Loader bootstrap                                                                       : 1304K
Loader jdk.internal.loader.ClassLoaders$PlatformClassLoader                            : 29032B
Loader jdk.internal.loader.ClassLoaders$AppClassLoader                                 : 1808B


---------------  S Y S T E M  ---------------

OS:
 Windows 11 , 64 bit Build 22621 (10.0.22621.3672)
OS uptime: 2 days 20:19 hours
Hyper-V role detected

CPU: total 12 (initial active 12) (6 cores per cpu, 2 threads per core) family 6 model 167 stepping 1 microcode 0x50, cx8, cmov, fxsr, ht, mmx, 3dnowpref, sse, sse2, sse3, ssse3, sse4.1, sse4.2, popcnt, lzcnt, tsc, tscinvbit, avx, avx2, aes, erms, clmul, bmi1, bmi2, adx, avx512f, avx512dq, avx512cd, avx512bw, avx512vl, sha, fma, vzeroupper, avx512_vpopcntdq, avx512_vpclmulqdq, avx512_vaes, avx512_vnni, clflush, clflushopt, avx512_vbmi2, avx512_vbmi, hv
Processor Information for all 12 processors :
  Max Mhz: 2592, Current Mhz: 2592, Mhz Limit: 2592

Memory: 4k page, system-wide physical 16221M (2250M free)
TotalPageFile size 28295M (AvailPageFile size 5M)
current process WorkingSet (physical memory assigned to process): 51M, peak: 51M
current process commit charge ("private bytes"): 349M, peak: 350M

vm_info: OpenJDK 64-Bit Server VM (17.0.10+7-b1000.48) for windows-amd64 JRE (17.0.10+7-b1000.48), built on 2024-01-24 by "builduser" with MS VC++ 16.10 / 16.11 (VS2019)

END.
